0 info it worked if it ends with ok
1 verbose cli [ '/usr/local/Cellar/node/7.2.0/bin/node',
1 verbose cli   '/usr/local/bin/npm',
1 verbose cli   'run',
1 verbose cli   'dev' ]
2 info using npm@3.10.9
3 info using node@v7.2.0
4 verbose run-script [ 'predev', 'dev', 'postdev' ]
5 info lifecycle cah-game@1.0.0~predev: cah-game@1.0.0
6 silly lifecycle cah-game@1.0.0~predev: no script for predev, continuing
7 info lifecycle cah-game@1.0.0~dev: cah-game@1.0.0
8 verbose lifecycle cah-game@1.0.0~dev: unsafe-perm in lifecycle true
9 verbose lifecycle cah-game@1.0.0~dev: PATH: /usr/local/lib/node_modules/npm/bin/node-gyp-bin:/Users/bradleyjennings/Code/cah-game/node_modules/.bin:/usr/local/Cellar/node/7.2.0/bin:/usr/local/opt/rbenv/shims:/Users/bradleyjennings/.bin:/usr/local/opt/rbenv/shims:/usr/local/opt/rbenv/bin:/Users/bradleyjennings/.rbenv/shims:/usr/local/bin:/Users/bradleyjennings/.bin:/usr/local/bin:/usr/bin:/bin:/usr/sbin:/sbin
10 verbose lifecycle cah-game@1.0.0~dev: CWD: /Users/bradleyjennings/Code/cah-game
11 silly lifecycle cah-game@1.0.0~dev: Args: [ '-c', 'NODE_ENV=development node server' ]
12 silly lifecycle cah-game@1.0.0~dev: Returned: code: 1  signal: null
13 info lifecycle cah-game@1.0.0~dev: Failed to exec dev script
14 verbose stack Error: cah-game@1.0.0 dev: `NODE_ENV=development node server`
14 verbose stack Exit status 1
14 verbose stack     at EventEmitter.<anonymous> (/usr/local/lib/node_modules/npm/lib/utils/lifecycle.js:255:16)
14 verbose stack     at emitTwo (events.js:106:13)
14 verbose stack     at EventEmitter.emit (events.js:191:7)
14 verbose stack     at ChildProcess.<anonymous> (/usr/local/lib/node_modules/npm/lib/utils/spawn.js:40:14)
14 verbose stack     at emitTwo (events.js:106:13)
14 verbose stack     at ChildProcess.emit (events.js:191:7)
14 verbose stack     at maybeClose (internal/child_process.js:885:16)
14 verbose stack     at Process.ChildProcess._handle.onexit (internal/child_process.js:226:5)
15 verbose pkgid cah-game@1.0.0
16 verbose cwd /Users/bradleyjennings/Code/cah-game
17 error Darwin 15.6.0
18 error argv "/usr/local/Cellar/node/7.2.0/bin/node" "/usr/local/bin/npm" "run" "dev"
19 error node v7.2.0
20 error npm  v3.10.9
21 error code ELIFECYCLE
22 error cah-game@1.0.0 dev: `NODE_ENV=development node server`
22 error Exit status 1
23 error Failed at the cah-game@1.0.0 dev script 'NODE_ENV=development node server'.
23 error Make sure you have the latest version of node.js and npm installed.
23 error If you do, this is most likely a problem with the cah-game package,
23 error not with npm itself.
23 error Tell the author that this fails on your system:
23 error     NODE_ENV=development node server
23 error You can get information on how to open an issue for this project with:
23 error     npm bugs cah-game
23 error Or if that isn't available, you can get their info via:
23 error     npm owner ls cah-game
23 error There is likely additional logging output above.
24 verbose exit [ 1, true ]
